2023/12/20 06:34:15 [notice] 1#1: using the "epoll" event method
2023/12/20 06:34:15 [notice] 1#1: nginx/1.20.2
2023/12/20 06:34:15 [notice] 1#1: built by gcc 10.2.1 20210110 (Debian 10.2.1-6) 
2023/12/20 06:34:15 [notice] 1#1: OS: Linux 6.1.66-91.160.amzn2023.x86_64
2023/12/20 06:34:15 [notice] 1#1: getrlimit(RLIMIT_NOFILE): 32768:65536
2023/12/20 06:34:15 [notice] 1#1: start worker processes
2023/12/20 06:34:15 [notice] 1#1: start worker process 30
2023/12/20 06:46:08 [notice] 1#1: signal 3 (SIGQUIT) received, shutting down
2023/12/20 06:46:08 [notice] 30#30: gracefully shutting down
2023/12/20 06:46:08 [notice] 30#30: exiting
2023/12/20 06:46:08 [notice] 30#30: exit
2023/12/20 06:46:08 [notice] 1#1: signal 17 (SIGCHLD) received from 30
2023/12/20 06:46:08 [notice] 1#1: worker process 30 exited with code 0
2023/12/20 06:46:08 [notice] 1#1: exit
2023/12/20 06:53:17 [notice] 1#1: using the "epoll" event method
2023/12/20 06:53:17 [notice] 1#1: nginx/1.20.2
2023/12/20 06:53:17 [notice] 1#1: built by gcc 10.2.1 20210110 (Debian 10.2.1-6) 
2023/12/20 06:53:17 [notice] 1#1: OS: Linux 6.1.66-91.160.amzn2023.x86_64
2023/12/20 06:53:17 [notice] 1#1: getrlimit(RLIMIT_NOFILE): 32768:65536
2023/12/20 06:53:17 [notice] 1#1: start worker processes
2023/12/20 06:53:17 [notice] 1#1: start worker process 30
2023/12/20 06:53:32 [error] 30#30: *1 "/var/www/html/wp-admin/index.php" is not found (2: No such file or directory), client: 103.156.209.174, server: , request: "GET /wp-admin/ HTTP/1.1", host: "54.226.33.99"
2023/12/20 06:54:59 [notice] 1#1: signal 3 (SIGQUIT) received, shutting down
2023/12/20 06:54:59 [notice] 30#30: gracefully shutting down
2023/12/20 06:54:59 [notice] 30#30: exiting
2023/12/20 06:54:59 [notice] 30#30: exit
2023/12/20 06:54:59 [notice] 1#1: signal 17 (SIGCHLD) received from 30
2023/12/20 06:54:59 [notice] 1#1: worker process 30 exited with code 0
2023/12/20 06:54:59 [notice] 1#1: exit
2023/12/20 06:56:28 [notice] 1#1: using the "epoll" event method
2023/12/20 06:56:28 [notice] 1#1: nginx/1.20.2
2023/12/20 06:56:28 [notice] 1#1: built by gcc 10.2.1 20210110 (Debian 10.2.1-6) 
2023/12/20 06:56:28 [notice] 1#1: OS: Linux 6.1.66-91.160.amzn2023.x86_64
2023/12/20 06:56:28 [notice] 1#1: getrlimit(RLIMIT_NOFILE): 32768:65536
2023/12/20 06:56:28 [notice] 1#1: start worker processes
2023/12/20 06:56:28 [notice] 1#1: start worker process 30
2023/12/20 06:56:31 [error] 30#30: *1 "/var/www/html/wp-admin/index.php" is not found (2: No such file or directory), client: 103.156.209.174, server: , request: "GET /wp-admin/ HTTP/1.1", host: "54.226.33.99"
2023/12/20 06:59:42 [notice] 1#1: signal 3 (SIGQUIT) received, shutting down
2023/12/20 06:59:42 [notice] 30#30: gracefully shutting down
2023/12/20 06:59:42 [notice] 30#30: exiting
2023/12/20 06:59:42 [notice] 30#30: exit
2023/12/20 06:59:42 [notice] 1#1: signal 17 (SIGCHLD) received from 30
2023/12/20 06:59:42 [notice] 1#1: worker process 30 exited with code 0
2023/12/20 06:59:42 [notice] 1#1: exit
2023/12/20 07:05:13 [notice] 1#1: using the "epoll" event method
2023/12/20 07:05:13 [notice] 1#1: nginx/1.20.2
2023/12/20 07:05:13 [notice] 1#1: built by gcc 10.2.1 20210110 (Debian 10.2.1-6) 
2023/12/20 07:05:13 [notice] 1#1: OS: Linux 6.1.66-91.160.amzn2023.x86_64
2023/12/20 07:05:13 [notice] 1#1: getrlimit(RLIMIT_NOFILE): 32768:65536
2023/12/20 07:05:13 [notice] 1#1: start worker processes
2023/12/20 07:05:13 [notice] 1#1: start worker process 30
2023/12/20 07:42:20 [notice] 1#1: signal 3 (SIGQUIT) received, shutting down
2023/12/20 07:42:20 [notice] 30#30: gracefully shutting down
2023/12/20 07:42:20 [notice] 30#30: exiting
2023/12/20 07:42:20 [notice] 30#30: exit
2023/12/20 07:42:20 [notice] 1#1: signal 17 (SIGCHLD) received from 30
2023/12/20 07:42:20 [notice] 1#1: worker process 30 exited with code 0
2023/12/20 07:42:20 [notice] 1#1: exit
2023/12/20 07:42:24 [notice] 1#1: using the "epoll" event method
2023/12/20 07:42:24 [notice] 1#1: nginx/1.20.2
2023/12/20 07:42:24 [notice] 1#1: built by gcc 10.2.1 20210110 (Debian 10.2.1-6) 
2023/12/20 07:42:24 [notice] 1#1: OS: Linux 6.1.66-91.160.amzn2023.x86_64
2023/12/20 07:42:24 [notice] 1#1: getrlimit(RLIMIT_NOFILE): 32768:65536
2023/12/20 07:42:24 [notice] 1#1: start worker processes
2023/12/20 07:42:24 [notice] 1#1: start worker process 30
2023/12/20 07:42:43 [notice] 1#1: signal 3 (SIGQUIT) received, shutting down
2023/12/20 07:42:43 [notice] 30#30: gracefully shutting down
2023/12/20 07:44:12 [notice] 1#1: using the "epoll" event method
2023/12/20 07:44:12 [notice] 1#1: nginx/1.20.2
2023/12/20 07:44:12 [notice] 1#1: built by gcc 10.2.1 20210110 (Debian 10.2.1-6) 
2023/12/20 07:44:12 [notice] 1#1: OS: Linux 6.1.66-91.160.amzn2023.x86_64
2023/12/20 07:44:12 [notice] 1#1: getrlimit(RLIMIT_NOFILE): 32768:65536
2023/12/20 07:44:12 [notice] 1#1: start worker processes
2023/12/20 07:44:12 [notice] 1#1: start worker process 30
2023/12/20 07:50:08 [notice] 1#1: signal 3 (SIGQUIT) received, shutting down
2023/12/20 07:50:08 [notice] 30#30: gracefully shutting down
2023/12/20 07:50:08 [notice] 30#30: exiting
2023/12/20 07:50:08 [notice] 30#30: exit
2023/12/20 07:50:08 [notice] 1#1: signal 17 (SIGCHLD) received from 30
2023/12/20 07:50:08 [notice] 1#1: worker process 30 exited with code 0
2023/12/20 07:50:08 [notice] 1#1: exit
2023/12/20 07:50:34 [notice] 1#1: using the "epoll" event method
2023/12/20 07:50:34 [notice] 1#1: nginx/1.20.2
2023/12/20 07:50:34 [notice] 1#1: built by gcc 10.2.1 20210110 (Debian 10.2.1-6) 
2023/12/20 07:50:34 [notice] 1#1: OS: Linux 6.1.66-91.160.amzn2023.x86_64
2023/12/20 07:50:34 [notice] 1#1: getrlimit(RLIMIT_NOFILE): 32768:65536
2023/12/20 07:50:34 [notice] 1#1: start worker processes
2023/12/20 07:50:34 [notice] 1#1: start worker process 30
2023/12/20 07:53:48 [notice] 1#1: signal 3 (SIGQUIT) received, shutting down
2023/12/20 07:53:48 [notice] 30#30: gracefully shutting down
2023/12/20 07:53:48 [notice] 30#30: exiting
2023/12/20 07:53:48 [notice] 30#30: exit
2023/12/20 07:53:48 [notice] 1#1: signal 17 (SIGCHLD) received from 30
2023/12/20 07:53:48 [notice] 1#1: worker process 30 exited with code 0
2023/12/20 07:53:48 [notice] 1#1: exit
2023/12/20 07:53:54 [notice] 1#1: using the "epoll" event method
2023/12/20 07:53:54 [notice] 1#1: nginx/1.20.2
2023/12/20 07:53:54 [notice] 1#1: built by gcc 10.2.1 20210110 (Debian 10.2.1-6) 
2023/12/20 07:53:54 [notice] 1#1: OS: Linux 6.1.66-91.160.amzn2023.x86_64
2023/12/20 07:53:54 [notice] 1#1: getrlimit(RLIMIT_NOFILE): 32768:65536
2023/12/20 07:53:54 [notice] 1#1: start worker processes
2023/12/20 07:53:54 [notice] 1#1: start worker process 30
2023/12/20 07:55:30 [notice] 1#1: signal 3 (SIGQUIT) received, shutting down
2023/12/20 07:55:30 [notice] 30#30: gracefully shutting down
2023/12/20 07:55:30 [notice] 30#30: exiting
2023/12/20 07:55:30 [notice] 30#30: exit
2023/12/20 07:55:31 [notice] 1#1: signal 17 (SIGCHLD) received from 30
2023/12/20 07:55:31 [notice] 1#1: worker process 30 exited with code 0
2023/12/20 07:55:31 [notice] 1#1: exit
2023/12/20 07:56:22 [notice] 1#1: using the "epoll" event method
2023/12/20 07:56:22 [notice] 1#1: nginx/1.20.2
2023/12/20 07:56:22 [notice] 1#1: built by gcc 10.2.1 20210110 (Debian 10.2.1-6) 
2023/12/20 07:56:22 [notice] 1#1: OS: Linux 6.1.66-91.160.amzn2023.x86_64
2023/12/20 07:56:22 [notice] 1#1: getrlimit(RLIMIT_NOFILE): 32768:65536
2023/12/20 07:56:22 [notice] 1#1: start worker processes
2023/12/20 07:56:22 [notice] 1#1: start worker process 30
2023/12/20 07:59:05 [notice] 1#1: signal 3 (SIGQUIT) received, shutting down
2023/12/20 07:59:05 [notice] 30#30: gracefully shutting down
2023/12/20 07:59:05 [notice] 30#30: exiting
2023/12/20 07:59:05 [notice] 30#30: exit
2023/12/20 07:59:06 [notice] 1#1: signal 17 (SIGCHLD) received from 30
2023/12/20 07:59:06 [notice] 1#1: worker process 30 exited with code 0
2023/12/20 07:59:06 [notice] 1#1: exit
2023/12/20 07:59:16 [notice] 1#1: using the "epoll" event method
2023/12/20 07:59:16 [notice] 1#1: nginx/1.20.2
2023/12/20 07:59:16 [notice] 1#1: built by gcc 10.2.1 20210110 (Debian 10.2.1-6) 
2023/12/20 07:59:16 [notice] 1#1: OS: Linux 6.1.66-91.160.amzn2023.x86_64
2023/12/20 07:59:16 [notice] 1#1: getrlimit(RLIMIT_NOFILE): 32768:65536
2023/12/20 07:59:16 [notice] 1#1: start worker processes
2023/12/20 07:59:16 [notice] 1#1: start worker process 30
2023/12/20 08:00:48 [error] 30#30: *10 "/var/www/html/2023/12/20/hello-world/index.php" is not found (2: No such file or directory), client: 54.226.33.99, server: , request: "GET /2023/12/20/hello-world/ HTTP/1.1", host: "54.226.33.99"
2023/12/20 08:00:48 [error] 30#30: *11 "/var/www/html/index.php/2023/12/20/hello-world/index.php" is not found (20: Not a directory), client: 54.226.33.99, server: , request: "GET /index.php/2023/12/20/hello-world/ HTTP/1.1", host: "54.226.33.99"
2023/12/20 08:01:24 [notice] 1#1: signal 3 (SIGQUIT) received, shutting down
2023/12/20 08:01:24 [notice] 30#30: gracefully shutting down
2023/12/20 08:01:24 [notice] 30#30: exiting
2023/12/20 08:01:24 [notice] 30#30: exit
2023/12/20 08:01:24 [notice] 1#1: signal 17 (SIGCHLD) received from 30
2023/12/20 08:01:24 [notice] 1#1: worker process 30 exited with code 0
2023/12/20 08:01:24 [notice] 1#1: exit
2023/12/20 08:01:33 [notice] 1#1: using the "epoll" event method
2023/12/20 08:01:33 [notice] 1#1: nginx/1.20.2
2023/12/20 08:01:33 [notice] 1#1: built by gcc 10.2.1 20210110 (Debian 10.2.1-6) 
2023/12/20 08:01:33 [notice] 1#1: OS: Linux 6.1.66-91.160.amzn2023.x86_64
2023/12/20 08:01:33 [notice] 1#1: getrlimit(RLIMIT_NOFILE): 32768:65536
2023/12/20 08:01:33 [notice] 1#1: start worker processes
2023/12/20 08:01:33 [notice] 1#1: start worker process 30
2023/12/20 09:12:59 [error] 30#30: *77 open() "/var/www/html/wp-emoji-release.min.js" failed (2: No such file or directory), client: 54.198.193.239, server: , request: "GET /wp-emoji-release.min.js HTTP/1.1", host: "54.226.33.99"
2023/12/20 09:12:59 [error] 30#30: *98 open() "/var/www/html/wp-content/themes/twentytwentyfour/assets/fonts/inter/Inter-VariableFont_slnt" failed (2: No such file or directory), client: 54.198.193.239, server: , request: "GET /wp-content/themes/twentytwentyfour/assets/fonts/inter/Inter-VariableFont_slnt HTTP/1.1", host: "54.226.33.99"
2023/12/20 09:13:45 [error] 30#30: *120 open() "/var/www/html/wp-content/themes/twentytwentyfour/assets/fonts/inter/Inter-VariableFont_slnt" failed (2: No such file or directory), client: 54.198.193.239, server: , request: "GET /wp-content/themes/twentytwentyfour/assets/fonts/inter/Inter-VariableFont_slnt HTTP/1.1", host: "54.226.33.99"
2023/12/20 09:13:45 [error] 30#30: *141 open() "/var/www/html/wp-emoji-release.min.js" failed (2: No such file or directory), client: 54.198.193.239, server: , request: "GET /wp-emoji-release.min.js HTTP/1.1", host: "54.226.33.99"
2023/12/20 09:30:33 [error] 30#30: *165 open() "/var/www/html/aaa9" failed (2: No such file or directory), client: 139.59.37.187, server: , request: "GET /aaa9 HTTP/1.1", host: "54.226.33.99"
2023/12/20 09:30:34 [error] 30#30: *166 open() "/var/www/html/aab8" failed (2: No such file or directory), client: 139.59.37.187, server: , request: "GET /aab8 HTTP/1.1", host: "54.226.33.99"
